<?xml version="1.0" encoding="UTF-8"?>
<!-- Generated by org.testng.reporters.JUnitReportReporter -->
<testsuite hostname="DESKTOP-J75C5AN" failures="0" tests="1" name="TestNG.DemoClass" time="0.031" errors="0" timestamp="2023-11-04T11:48:23 IST" skipped="0">
  <testcase classname="TestNG.DemoClass" name="m1" time="0.031">
    <system-out>
      <![CDATA[Hi]]>
    </system-out>
  </testcase> <!-- m1 -->
  <system-out>
    <![CDATA[Hi]]>
  </system-out>
</testsuite> <!-- TestNG.DemoClass -->
