<?xml version="1.0" encoding="UTF-8"?>
<!-- Generated by org.testng.reporters.JUnitReportReporter -->
<testsuite hostname="DESKTOP-J75C5AN" failures="0" tests="3" name="testNG.Priority" time="0.031" errors="0" timestamp="2023-11-04T12:08:33 IST" skipped="0">
  <testcase classname="testNG.Priority" name="tc3" time="0.022">
    <system-out>
      <![CDATA[This is runing tc3]]>
    </system-out>
  </testcase> <!-- tc3 -->
  <testcase classname="testNG.Priority" name="tc2" time="0.004">
    <system-out>
      <![CDATA[This is running tc2]]>
    </system-out>
  </testcase> <!-- tc2 -->
  <testcase classname="testNG.Priority" name="tc1" time="0.005">
    <system-out>
      <![CDATA[This is running tc1]]>
    </system-out>
  </testcase> <!-- tc1 -->
  <system-out>
    <![CDATA[This is runing tc3
This is running tc2
This is running tc1]]>
  </system-out>
</testsuite> <!-- testNG.Priority -->
