<?xml version="1.0" encoding="UTF-8"?>
<!-- Generated by org.testng.reporters.JUnitReportReporter -->
<testsuite hostname="DESKTOP-J75C5AN" failures="0" tests="3" name="testNG.EnabledFlag" time="0.018" errors="0" timestamp="2023-11-04T12:13:59 IST" skipped="1">
  <testcase classname="testNG.EnabledFlag" name="testcase1" time="0.015">
    <system-out>
      <![CDATA[testcase1 is running]]>
    </system-out>
  </testcase> <!-- testcase1 -->
  <testcase classname="testNG.EnabledFlag" name="testcase3" time="0.003">
    <system-out>
      <![CDATA[testcase3 is running]]>
    </system-out>
  </testcase> <!-- testcase3 -->
  <testcase classname="testNG.EnabledFlag" name="testcase2">
    <skipped/>
  </testcase> <!-- testcase2 -->
  <system-out>
    <![CDATA[testcase1 is running
testcase3 is running]]>
  </system-out>
</testsuite> <!-- testNG.EnabledFlag -->
