<?xml version="1.0" encoding="UTF-8"?>
<!-- Generated by org.testng.reporters.JUnitReportReporter -->
<testsuite hostname="DESKTOP-J75C5AN" failures="0" tests="1" name="testNG.Demo" time="0.045" errors="0" timestamp="2023-11-04T11:54:41 IST" skipped="0">
  <testcase classname="testNG.Demo" name="t1" time="0.045">
    <system-out>
      <![CDATA[Hii]]>
    </system-out>
  </testcase> <!-- t1 -->
  <system-out>
    <![CDATA[Hii]]>
  </system-out>
</testsuite> <!-- testNG.Demo -->
