<?xml version="1.0" encoding="UTF-8"?>
<!-- Generated by org.testng.reporters.JUnitReportReporter -->
<testsuite hostname="DESKTOP-J75C5AN" failures="0" tests="2" name="testNG.DependsonMethodFlag" time="0.036" errors="0" timestamp="2023-11-04T12:21:29 IST" skipped="0">
  <testcase classname="testNG.DependsonMethodFlag" name="login" time="0.033">
    <system-out>
      <![CDATA[Running Login]]>
    </system-out>
  </testcase> <!-- login -->
  <testcase classname="testNG.DependsonMethodFlag" name="logout" time="0.003">
    <system-out>
      <![CDATA[Running logout]]>
    </system-out>
  </testcase> <!-- logout -->
  <system-out>
    <![CDATA[Running Login
Running logout]]>
  </system-out>
</testsuite> <!-- testNG.DependsonMethodFlag -->
