<?xml version="1.0" encoding="UTF-8"?>
<!-- Generated by org.testng.reporters.JUnitReportReporter -->
<testsuite hostname="DESKTOP-J75C5AN" failures="0" tests="5" name="testNG.InvocationCount" time="0.043" errors="0" timestamp="2023-11-04T11:59:12 IST" skipped="0">
  <testcase classname="testNG.InvocationCount" name="tc1" time="0.003">
    <system-out>
      <![CDATA[running tc1]]>
    </system-out>
  </testcase> <!-- tc1 -->
  <testcase classname="testNG.InvocationCount" name="tc1" time="0.004">
    <system-out>
      <![CDATA[running tc1]]>
    </system-out>
  </testcase> <!-- tc1 -->
  <testcase classname="testNG.InvocationCount" name="tc1" time="0.031">
    <system-out>
      <![CDATA[running tc1]]>
    </system-out>
  </testcase> <!-- tc1 -->
  <testcase classname="testNG.InvocationCount" name="tc1" time="0.002">
    <system-out>
      <![CDATA[running tc1]]>
    </system-out>
  </testcase> <!-- tc1 -->
  <testcase classname="testNG.InvocationCount" name="tc1" time="0.003">
    <system-out>
      <![CDATA[running tc1]]>
    </system-out>
  </testcase> <!-- tc1 -->
  <system-out>
    <![CDATA[running tc1
running tc1
running tc1
running tc1
running tc1]]>
  </system-out>
</testsuite> <!-- testNG.InvocationCount -->
