<?xml version="1.0" encoding="UTF-8"?>
<!-- Generated by org.testng.reporters.JUnitReportReporter -->
<testsuite hostname="DESKTOP-J75C5AN" failures="0" tests="2" name="batchExeution.Sample2" time="0.045" errors="0" timestamp="2023-11-06T14:58:45 IST" skipped="0">
  <testcase classname="batchExeution.Sample2" name="TC4" time="0.008">
    <system-out>
      <![CDATA[Running TC4]]>
    </system-out>
  </testcase> <!-- TC4 -->
  <testcase classname="batchExeution.Sample2" name="TC3" time="0.037">
    <system-out>
      <![CDATA[Running TC3]]>
    </system-out>
  </testcase> <!-- TC3 -->
  <system-out>
    <![CDATA[Running TC3
Running TC4]]>
  </system-out>
</testsuite> <!-- batchExeution.Sample2 -->
