<?xml version="1.0" encoding="UTF-8"?>
<!-- Generated by org.testng.reporters.JUnitReportReporter -->
<testsuite hostname="DESKTOP-J75C5AN" failures="0" tests="2" name="batchExeution.Sample1" time="0.022" errors="0" timestamp="2023-11-06T14:56:27 IST" skipped="0">
  <testcase classname="batchExeution.Sample1" name="TC2" time="0.002">
    <system-out>
      <![CDATA[Running TC2]]>
    </system-out>
  </testcase> <!-- TC2 -->
  <testcase classname="batchExeution.Sample1" name="TC1" time="0.020">
    <system-out>
      <![CDATA[Running TC1]]>
    </system-out>
  </testcase> <!-- TC1 -->
  <system-out>
    <![CDATA[Running TC1
Running TC2]]>
  </system-out>
</testsuite> <!-- batchExeution.Sample1 -->
