<?xml version="1.0" encoding="UTF-8"?>
<!-- Generated by org.testng.reporters.JUnitReportReporter -->
<testsuite hostname="DESKTOP-J75C5AN" failures="0" tests="1" name="parallelTesting.Parallel2" time="6.149" errors="0" timestamp="2023-11-06T19:32:33 IST" skipped="0">
  <testcase classname="parallelTesting.Parallel2" name="m1" time="6.149"/>
</testsuite> <!-- parallelTesting.Parallel2 -->
