<?xml version="1.0" encoding="UTF-8"?>
<!-- Generated by org.testng.reporters.JUnitReportReporter -->
<testsuite hostname="DESKTOP-J75C5AN" failures="0" tests="1" name="testNG.TimeoutsFlag" time="0.032" errors="0" timestamp="2023-11-04T12:18:20 IST" skipped="0">
  <testcase classname="testNG.TimeoutsFlag" name="tc1" time="0.032">
    <system-out>
      <![CDATA[Tc1 is running]]>
    </system-out>
  </testcase> <!-- tc1 -->
  <system-out>
    <![CDATA[Tc1 is running]]>
  </system-out>
</testsuite> <!-- testNG.TimeoutsFlag -->
